2025-08-15T17:06:51.134+05:30  INFO 20704 --- [User-App] [restartedMain] com.gow.demo.UserAppApplication          : Starting UserAppApplication using Java 21.0.7 with PID 20704 (C:\Users\HP\Documents\workspace-spring-tools-for-eclipse-4.31.0.RELEASE\User-App\target\classes started by HP in C:\Users\HP\Documents\workspace-spring-tools-for-eclipse-4.31.0.RELEASE\User-App)
2025-08-15T17:06:51.141+05:30  INFO 20704 --- [User-App] [restartedMain] com.gow.demo.UserAppApplication          : No active profile set, falling back to 1 default profile: "default"
2025-08-15T17:06:51.188+05:30  INFO 20704 --- [User-App] [restartedMain] .e.DevToolsPropertyDefaultsPostProcessor : Devtools property defaults active! Set 'spring.devtools.add-properties' to 'false' to disable
2025-08-15T17:06:51.189+05:30  INFO 20704 --- [User-App] [restartedMain] .e.DevToolsPropertyDefaultsPostProcessor : For additional web related logging consider setting the 'logging.level.web' property to 'DEBUG'
2025-08-15T17:06:52.048+05:30  INFO 20704 --- [User-App] [restartedMain] .s.d.r.c.RepositoryConfigurationDelegate : Bootstrapping Spring Data JPA repositories in DEFAULT mode.
2025-08-15T17:06:52.112+05:30  INFO 20704 --- [User-App] [restartedMain] .s.d.r.c.RepositoryConfigurationDelegate : Finished Spring Data repository scanning in 55 ms. Found 1 JPA repository interface.
2025-08-15T17:06:52.649+05:30  INFO 20704 --- [User-App] [restartedMain] o.s.b.w.embedded.tomcat.TomcatWebServer  : Tomcat initialized with port 8080 (http)
2025-08-15T17:06:52.661+05:30  INFO 20704 --- [User-App] [restartedMain] o.apache.catalina.core.StandardService   : Starting service [Tomcat]
2025-08-15T17:06:52.662+05:30  INFO 20704 --- [User-App] [restartedMain] o.apache.catalina.core.StandardEngine    : Starting Servlet engine: [Apache Tomcat/10.1.43]
2025-08-15T17:06:52.713+05:30  INFO 20704 --- [User-App] [restartedMain] o.a.c.c.C.[Tomcat].[localhost].[/]       : Initializing Spring embedded WebApplicationContext
2025-08-15T17:06:52.714+05:30  INFO 20704 --- [User-App] [restartedMain] w.s.c.ServletWebServerApplicationContext : Root WebApplicationContext: initialization completed in 1525 ms
2025-08-15T17:06:52.896+05:30  INFO 20704 --- [User-App] [restartedMain] o.hibernate.jpa.internal.util.LogHelper  : HHH000204: Processing PersistenceUnitInfo [name: default]
2025-08-15T17:06:52.976+05:30  INFO 20704 --- [User-App] [restartedMain] org.hibernate.Version                    : HHH000412: Hibernate ORM core version 6.6.22.Final
2025-08-15T17:06:53.020+05:30  INFO 20704 --- [User-App] [restartedMain] o.h.c.internal.RegionFactoryInitiator    : HHH000026: Second-level cache disabled
2025-08-15T17:06:53.422+05:30  INFO 20704 --- [User-App] [restartedMain] o.s.o.j.p.SpringPersistenceUnitInfo      : No LoadTimeWeaver setup: ignoring JPA class transformer
2025-08-15T17:06:53.470+05:30  INFO 20704 --- [User-App] [restartedMain] com.zaxxer.hikari.HikariDataSource       : HikariPool-1 - Starting...
2025-08-15T17:06:53.721+05:30  INFO 20704 --- [User-App] [restartedMain] com.zaxxer.hikari.pool.HikariPool        : HikariPool-1 - Added connection conn0: url=jdbc:h2:mem:testdb user=ROOT
2025-08-15T17:06:53.723+05:30  INFO 20704 --- [User-App] [restartedMain] com.zaxxer.hikari.HikariDataSource       : HikariPool-1 - Start completed.
2025-08-15T17:06:53.756+05:30  WARN 20704 --- [User-App] [restartedMain] org.hibernate.orm.deprecation            : HHH90000025: H2Dialect does not need to be specified explicitly using 'hibernate.dialect' (remove the property setting and it will be selected by default)
2025-08-15T17:06:53.779+05:30  INFO 20704 --- [User-App] [restartedMain] org.hibernate.orm.connections.pooling    : HHH10001005: Database info:
	Database JDBC URL [Connecting through datasource 'HikariDataSource (HikariPool-1)']
	Database driver: undefined/unknown
	Database version: 2.3.232
	Autocommit mode: undefined/unknown
	Isolation level: undefined/unknown
	Minimum pool size: undefined/unknown
	Maximum pool size: undefined/unknown
2025-08-15T17:06:54.801+05:30  INFO 20704 --- [User-App] [restartedMain] o.h.e.t.j.p.i.JtaPlatformInitiator       : HHH000489: No JTA platform available (set 'hibernate.transaction.jta.platform' to enable JTA platform integration)
2025-08-15T17:06:54.871+05:30  INFO 20704 --- [User-App] [restartedMain] j.LocalContainerEntityManagerFactoryBean : Initialized JPA EntityManagerFactory for persistence unit 'default'
2025-08-15T17:06:55.290+05:30  WARN 20704 --- [User-App] [restartedMain] JpaBaseConfiguration$JpaWebConfiguration : spring.jpa.open-in-view is enabled by default. Therefore, database queries may be performed during view rendering. Explicitly configure spring.jpa.open-in-view to disable this warning
2025-08-15T17:06:55.629+05:30  INFO 20704 --- [User-App] [restartedMain] o.s.b.a.h2.H2ConsoleAutoConfiguration    : H2 console available at '/h2-console'. Database available at 'jdbc:h2:mem:testdb'
2025-08-15T17:06:55.699+05:30  INFO 20704 --- [User-App] [restartedMain] o.s.b.d.a.OptionalLiveReloadServer       : LiveReload server is running on port 35729
2025-08-15T17:06:55.754+05:30  INFO 20704 --- [User-App] [restartedMain] o.s.b.w.embedded.tomcat.TomcatWebServer  : Tomcat started on port 8080 (http) with context path '/'
2025-08-15T17:06:55.772+05:30  INFO 20704 --- [User-App] [restartedMain] com.gow.demo.UserAppApplication          : Started UserAppApplication in 5.044 seconds (process running for 5.719)
